Unity Editor version:    2020.3.28f1 (f5400f52e03f)
Branch:                  2020.3/staging
Build type:              Release
Batch mode:              YES
macOS version:           Version 11.6.4 (Build 20G417)
Darwin version:          20.6.0
Architecture:            x86_64
Running under Rosetta:   NO
Available memory:        8192 MB
Using pre-set license
Pro License: NO

COMMAND LINE ARGUMENTS:
/Applications/Unity/Hub/Editor/2020.3.28f1/Unity.app/Contents/MacOS/Unity
-adb2
-batchMode
-noUpm
-name
AssetImportWorker0
-projectPath
/Users/k20127kk/Documents/GitHub/creative-project2022-teamA
-logFile
Logs/AssetImportWorker0.log
-srvPort
50395
Successfully changed project path to: /Users/k20127kk/Documents/GitHub/creative-project2022-teamA
/Users/k20127kk/Documents/GitHub/creative-project2022-teamA
Using Asset Import Pipeline V2.
Refreshing native plugins compatible for Editor in 396.02 ms, found 3 plugins.
Preloading 0 native plugins for Editor in 0.00 ms.
Initialize engine version: 2020.3.28f1 (f5400f52e03f)
[Subsystems] Discovering subsystems at path /Applications/Unity/Hub/Editor/2020.3.28f1/Unity.app/Contents/Resources/UnitySubsystems
[Subsystems] Discovering subsystems at path /Users/k20127kk/Documents/GitHub/creative-project2022-teamA/Assets
GfxDevice: creating device client; threaded=0
2022-04-21 17:07:41.688 Unity[2279:64599] Color LCD preferred device: Intel(R) Iris(TM) Plus Graphics (low power)
2022-04-21 17:07:41.688 Unity[2279:64599] Metal devices available: 1
2022-04-21 17:07:41.688 Unity[2279:64599] 0: Intel(R) Iris(TM) Plus Graphics (low power)
2022-04-21 17:07:41.688 Unity[2279:64599] Using device Intel(R) Iris(TM) Plus Graphics (low power)
Initializing Metal device caps: Intel(R) Iris(TM) Plus Graphics
Initialize mono
Mono path[0] = '/Applications/Unity/Hub/Editor/2020.3.28f1/Unity.app/Contents/Managed'
Mono path[1] = '/Applications/Unity/Hub/Editor/2020.3.28f1/Unity.app/Contents/MonoBleedingEdge/lib/mono/unityjit'
Mono config path = '/Applications/Unity/Hub/Editor/2020.3.28f1/Unity.app/Contents/MonoBleedingEdge/etc'
Using monoOptions --debugger-agent=transport=dt_socket,embedding=1,server=y,suspend=n,address=127.0.0.1:56279
Begin MonoManager ReloadAssembly
Registering precompiled unity dll's ...
Register platform support module: /Applications/Unity/Hub/Editor/2020.3.28f1/PlaybackEngines/WebGLSupport/UnityEditor.WebGL.Extensions.dll
Register platform support module: /Applications/Unity/Hub/Editor/2020.3.28f1/Unity.app/Contents/PlaybackEngines/MacStandaloneSupport/UnityEditor.OSXStandalone.Extensions.dll
Register platform support module: /Applications/Unity/Hub/Editor/2020.3.28f1/PlaybackEngines/WindowsStandaloneSupport/UnityEditor.WindowsStandalone.Extensions.dll
Registered in 0.006227 seconds.
Native extension for WindowsStandalone target not found
Native extension for OSXStandalone target not found
Native extension for WebGL target not found
Refreshing native plugins compatible for Editor in 109.67 ms, found 3 plugins.
Preloading 0 native plugins for Editor in 0.00 ms.
Mono: successfully reloaded assembly
- Completed reload, in  1.405 seconds
Domain Reload Profiling:
	ReloadAssembly (1405ms)
		BeginReloadAssembly (131ms)
			ExecutionOrderSort (0ms)
			DisableScriptedObjects (0ms)
			BackupInstance (0ms)
			ReleaseScriptingObjects (0ms)
			CreateAndSetChildDomain (2ms)
		EndReloadAssembly (1024ms)
			LoadAssemblies (141ms)
			RebuildTransferFunctionScriptingTraits (0ms)
			SetupTypeCache (452ms)
			ReleaseScriptCaches (0ms)
			RebuildScriptCaches (61ms)
			SetupLoadedEditorAssemblies (360ms)
				LogAssemblyErrors (0ms)
				InitializePlatformSupportModulesInManaged (9ms)
				SetLoadedEditorAssemblies (0ms)
				RefreshPlugins (110ms)
				BeforeProcessingInitializeOnLoad (17ms)
				ProcessInitializeOnLoadAttributes (167ms)
				ProcessInitializeOnLoadMethodAttributes (57ms)
				AfterProcessingInitializeOnLoad (0ms)
				EditorAssembliesLoaded (0ms)
			ExecutionOrderSort2 (0ms)
			AwakeInstancesAfterBackupRestoration (0ms)
Platform modules already initialized, skipping
Registering precompiled user dll's ...
Registered in 0.013126 seconds.
Begin MonoManager ReloadAssembly
Native extension for WindowsStandalone target not found
Native extension for OSXStandalone target not found
Native extension for WebGL target not found
Refreshing native plugins compatible for Editor in 143.77 ms, found 3 plugins.
Preloading 0 native plugins for Editor in 0.00 ms.
Mono: successfully reloaded assembly
- Completed reload, in  3.393 seconds
Domain Reload Profiling:
	ReloadAssembly (3396ms)
		BeginReloadAssembly (364ms)
			ExecutionOrderSort (0ms)
			DisableScriptedObjects (15ms)
			BackupInstance (0ms)
			ReleaseScriptingObjects (0ms)
			CreateAndSetChildDomain (80ms)
		EndReloadAssembly (2907ms)
			LoadAssemblies (264ms)
			RebuildTransferFunctionScriptingTraits (0ms)
			SetupTypeCache (940ms)
			ReleaseScriptCaches (1ms)
			RebuildScriptCaches (261ms)
			SetupLoadedEditorAssemblies (1117ms)
				LogAssemblyErrors (0ms)
				InitializePlatformSupportModulesInManaged (11ms)
				SetLoadedEditorAssemblies (1ms)
				RefreshPlugins (144ms)
				BeforeProcessingInitializeOnLoad (249ms)
				ProcessInitializeOnLoadAttributes (661ms)
				ProcessInitializeOnLoadMethodAttributes (49ms)
				AfterProcessingInitializeOnLoad (3ms)
				EditorAssembliesLoaded (0ms)
			ExecutionOrderSort2 (0ms)
			AwakeInstancesAfterBackupRestoration (14ms)
Platform modules already initialized, skipping
Validating Project structure ... 0.014936 seconds.
Shader import version has changed; will reimport all shaders...
Upgrading shader files ...0.046883 seconds.
Application.AssetDatabase Initial Script Refresh Start
RefreshInfo: InitialScriptRefreshV2(NoUpdateAssetOptions) scanfilter:  ... 1 filters
RefreshProfiler: Total: 0.000ms
Application.AssetDatabase Initial Script Refresh End
Application.AssetDatabase.Refresh Start
Application.AssetDatabase.Refresh End
RefreshInfo: StopAssetImportingV2(ForceSynchronousImport) scanfilter: 
RefreshProfiler: Total: 0.000ms
Launching external process: /Applications/Unity/Hub/Editor/2020.3.28f1/Unity.app/Contents/Tools/UnityShaderCompiler
Launched and connected shader compiler UnityShaderCompiler after 0.03 seconds
Initializing Unity extensions:
========================================================================
Worker process is ready to serve import requests
Refreshing native plugins compatible for Editor in 1.21 ms, found 3 plugins.
Preloading 0 native plugins for Editor in 0.00 ms.
Unloading 3567 Unused Serialized files (Serialized files now loaded: 0)
System memory in use before: 285.2 MB.
System memory in use after: 284.9 MB.

Unloading 225 unused Assets to reduce memory usage. Loaded Objects now: 4039.
Total: 7.774945 ms (FindLiveObjects: 0.348011 ms CreateObjectMapping: 0.194420 ms MarkObjects: 6.705339 ms  DeleteObjects: 0.525364 ms)

AssetImportParameters requested are different than current active one (requested -> active):
  custom:video-decoder-ogg-theora: a1e56fd34408186e4bbccfd4996cb3dc -> 
  custom:container-muxer-webm: aa71ff27fc2769a1b78a27578f13a17b -> 
  custom:container-demuxer-webm: 4f35f7cbe854078d1ac9338744f61a02 -> 
  custom:container-demuxer-ogg: 62fdf1f143b41e24485cea50d1cbac27 -> 
  custom:video-encoder-webm-vp8: eb34c28f22e8b96e1ab97ce403110664 -> 
  custom:framework-osx-AVFoundation: e770b220cccbd017edd2c1fefb359320 -> 
  custom:video-decoder-webm-vp8: 9c59270c3fd7afecdb556c50c9e8de78 -> 
  custom:audio-decoder-ogg-vorbis: bf7c407c2cedff20999df2af8eb42d56 -> 
  custom:audio-encoder-webm-vorbis: bf7c407c2cedff20999df2af8eb42d56 -> 
========================================================================
Received Import Request.
  path: Assets/Actions/Player/Scripts/PlayerController.cs
  artifactKey: Guid(c1cf9f45398be2647b495911d8fdac64) Importer(815301076,1909f56bfc062723c751e8b465ee728b)
Start importing Assets/Actions/Player/Scripts/PlayerController.cs using Guid(c1cf9f45398be2647b495911d8fdac64) Importer(815301076,1909f56bfc062723c751e8b465ee728b)  -> (artifact id: 'c4f1cf80b7ef16d68d33693371c64480') in 1.150227 seconds 
  Import took 1.197809 seconds .

========================================================================
Received Prepare
Registering precompiled user dll's ...
Registered in 0.006283 seconds.
Begin MonoManager ReloadAssembly
Native extension for WindowsStandalone target not found
Native extension for OSXStandalone target not found
Native extension for WebGL target not found
Refreshing native plugins compatible for Editor in 0.90 ms, found 3 plugins.
Preloading 0 native plugins for Editor in 0.00 ms.
Mono: successfully reloaded assembly
- Completed reload, in  1.905 seconds
Domain Reload Profiling:
	ReloadAssembly (1906ms)
		BeginReloadAssembly (235ms)
			ExecutionOrderSort (0ms)
			DisableScriptedObjects (8ms)
			BackupInstance (0ms)
			ReleaseScriptingObjects (0ms)
			CreateAndSetChildDomain (105ms)
		EndReloadAssembly (1586ms)
			LoadAssemblies (220ms)
			RebuildTransferFunctionScriptingTraits (0ms)
			SetupTypeCache (568ms)
			ReleaseScriptCaches (2ms)
			RebuildScriptCaches (75ms)
			SetupLoadedEditorAssemblies (509ms)
				LogAssemblyErrors (0ms)
				InitializePlatformSupportModulesInManaged (7ms)
				SetLoadedEditorAssemblies (1ms)
				RefreshPlugins (1ms)
				BeforeProcessingInitializeOnLoad (182ms)
				ProcessInitializeOnLoadAttributes (305ms)
				ProcessInitializeOnLoadMethodAttributes (12ms)
				AfterProcessingInitializeOnLoad (2ms)
				EditorAssembliesLoaded (0ms)
			ExecutionOrderSort2 (0ms)
			AwakeInstancesAfterBackupRestoration (15ms)
Platform modules already initialized, skipping
Refreshing native plugins compatible for Editor in 0.97 ms, found 3 plugins.
Preloading 0 native plugins for Editor in 0.00 ms.
Unloading 3429 Unused Serialized files (Serialized files now loaded: 0)
System memory in use before: 281.7 MB.
System memory in use after: 281.9 MB.

Unloading 20 unused Assets to reduce memory usage. Loaded Objects now: 4042.
Total: 4.362981 ms (FindLiveObjects: 0.276855 ms CreateObjectMapping: 0.139990 ms MarkObjects: 3.885712 ms  DeleteObjects: 0.059234 ms)

AssetImportParameters requested are different than current active one (requested -> active):
  custom:video-decoder-ogg-theora: a1e56fd34408186e4bbccfd4996cb3dc -> 
  custom:container-muxer-webm: aa71ff27fc2769a1b78a27578f13a17b -> 
  custom:container-demuxer-webm: 4f35f7cbe854078d1ac9338744f61a02 -> 
  custom:container-demuxer-ogg: 62fdf1f143b41e24485cea50d1cbac27 -> 
  custom:video-encoder-webm-vp8: eb34c28f22e8b96e1ab97ce403110664 -> 
  custom:framework-osx-AVFoundation: e770b220cccbd017edd2c1fefb359320 -> 
  custom:video-decoder-webm-vp8: 9c59270c3fd7afecdb556c50c9e8de78 -> 
  custom:audio-decoder-ogg-vorbis: bf7c407c2cedff20999df2af8eb42d56 -> 
  custom:audio-encoder-webm-vorbis: bf7c407c2cedff20999df2af8eb42d56 -> 
========================================================================
Received Import Request.
  Time since last request: 71.135627 seconds.
  path: Assets/Actions/Player/Scripts/PlayerController.cs
  artifactKey: Guid(c1cf9f45398be2647b495911d8fdac64) Importer(815301076,1909f56bfc062723c751e8b465ee728b)
Start importing Assets/Actions/Player/Scripts/PlayerController.cs using Guid(c1cf9f45398be2647b495911d8fdac64) Importer(815301076,1909f56bfc062723c751e8b465ee728b)  -> (artifact id: '82ca35b756460567eeda2f94cc52e8b7') in 0.010351 seconds 
  Import took 0.019280 seconds .

========================================================================
Received Prepare
Registering precompiled user dll's ...
Registered in 0.006598 seconds.
Begin MonoManager ReloadAssembly
Native extension for WindowsStandalone target not found
Native extension for OSXStandalone target not found
Native extension for WebGL target not found
Refreshing native plugins compatible for Editor in 0.69 ms, found 3 plugins.
Preloading 0 native plugins for Editor in 0.00 ms.
Mono: successfully reloaded assembly
- Completed reload, in  1.535 seconds
Domain Reload Profiling:
	ReloadAssembly (1536ms)
		BeginReloadAssembly (160ms)
			ExecutionOrderSort (0ms)
			DisableScriptedObjects (7ms)
			BackupInstance (0ms)
			ReleaseScriptingObjects (0ms)
			CreateAndSetChildDomain (86ms)
		EndReloadAssembly (1294ms)
			LoadAssemblies (103ms)
			RebuildTransferFunctionScriptingTraits (0ms)
			SetupTypeCache (490ms)
			ReleaseScriptCaches (2ms)
			RebuildScriptCaches (71ms)
			SetupLoadedEditorAssemblies (431ms)
				LogAssemblyErrors (0ms)
				InitializePlatformSupportModulesInManaged (5ms)
				SetLoadedEditorAssemblies (1ms)
				RefreshPlugins (1ms)
				BeforeProcessingInitializeOnLoad (149ms)
				ProcessInitializeOnLoadAttributes (261ms)
				ProcessInitializeOnLoadMethodAttributes (12ms)
				AfterProcessingInitializeOnLoad (2ms)
				EditorAssembliesLoaded (0ms)
			ExecutionOrderSort2 (0ms)
			AwakeInstancesAfterBackupRestoration (15ms)
Platform modules already initialized, skipping
Refreshing native plugins compatible for Editor in 1.03 ms, found 3 plugins.
Preloading 0 native plugins for Editor in 0.00 ms.
Unloading 3429 Unused Serialized files (Serialized files now loaded: 0)
System memory in use before: 282.0 MB.
System memory in use after: 282.2 MB.

Unloading 19 unused Assets to reduce memory usage. Loaded Objects now: 4044.
Total: 5.356215 ms (FindLiveObjects: 0.308857 ms CreateObjectMapping: 0.182973 ms MarkObjects: 4.826224 ms  DeleteObjects: 0.036851 ms)

AssetImportParameters requested are different than current active one (requested -> active):
  custom:video-decoder-ogg-theora: a1e56fd34408186e4bbccfd4996cb3dc -> 
  custom:container-muxer-webm: aa71ff27fc2769a1b78a27578f13a17b -> 
  custom:container-demuxer-webm: 4f35f7cbe854078d1ac9338744f61a02 -> 
  custom:container-demuxer-ogg: 62fdf1f143b41e24485cea50d1cbac27 -> 
  custom:video-encoder-webm-vp8: eb34c28f22e8b96e1ab97ce403110664 -> 
  custom:framework-osx-AVFoundation: e770b220cccbd017edd2c1fefb359320 -> 
  custom:video-decoder-webm-vp8: 9c59270c3fd7afecdb556c50c9e8de78 -> 
  custom:audio-decoder-ogg-vorbis: bf7c407c2cedff20999df2af8eb42d56 -> 
  custom:audio-encoder-webm-vorbis: bf7c407c2cedff20999df2af8eb42d56 -> 
========================================================================
Received Prepare
Registering precompiled user dll's ...
Registered in 0.016462 seconds.
Begin MonoManager ReloadAssembly
Native extension for WindowsStandalone target not found
Native extension for OSXStandalone target not found
Native extension for WebGL target not found
Refreshing native plugins compatible for Editor in 0.86 ms, found 3 plugins.
Preloading 0 native plugins for Editor in 0.00 ms.
Mono: successfully reloaded assembly
- Completed reload, in  1.670 seconds
Domain Reload Profiling:
	ReloadAssembly (1670ms)
		BeginReloadAssembly (224ms)
			ExecutionOrderSort (0ms)
			DisableScriptedObjects (7ms)
			BackupInstance (0ms)
			ReleaseScriptingObjects (0ms)
			CreateAndSetChildDomain (88ms)
		EndReloadAssembly (1365ms)
			LoadAssemblies (214ms)
			RebuildTransferFunctionScriptingTraits (0ms)
			SetupTypeCache (480ms)
			ReleaseScriptCaches (2ms)
			RebuildScriptCaches (71ms)
			SetupLoadedEditorAssemblies (445ms)
				LogAssemblyErrors (0ms)
				InitializePlatformSupportModulesInManaged (6ms)
				SetLoadedEditorAssemblies (1ms)
				RefreshPlugins (1ms)
				BeforeProcessingInitializeOnLoad (159ms)
				ProcessInitializeOnLoadAttributes (260ms)
				ProcessInitializeOnLoadMethodAttributes (16ms)
				AfterProcessingInitializeOnLoad (2ms)
				EditorAssembliesLoaded (0ms)
			ExecutionOrderSort2 (0ms)
			AwakeInstancesAfterBackupRestoration (15ms)
Platform modules already initialized, skipping
Refreshing native plugins compatible for Editor in 0.83 ms, found 3 plugins.
Preloading 0 native plugins for Editor in 0.00 ms.
Unloading 3429 Unused Serialized files (Serialized files now loaded: 0)
System memory in use before: 282.2 MB.
System memory in use after: 282.5 MB.

Unloading 19 unused Assets to reduce memory usage. Loaded Objects now: 4046.
Total: 3.880984 ms (FindLiveObjects: 0.243321 ms CreateObjectMapping: 0.126648 ms MarkObjects: 3.474914 ms  DeleteObjects: 0.034990 ms)

AssetImportParameters requested are different than current active one (requested -> active):
  custom:video-decoder-ogg-theora: a1e56fd34408186e4bbccfd4996cb3dc -> 
  custom:container-muxer-webm: aa71ff27fc2769a1b78a27578f13a17b -> 
  custom:container-demuxer-webm: 4f35f7cbe854078d1ac9338744f61a02 -> 
  custom:container-demuxer-ogg: 62fdf1f143b41e24485cea50d1cbac27 -> 
  custom:video-encoder-webm-vp8: eb34c28f22e8b96e1ab97ce403110664 -> 
  custom:framework-osx-AVFoundation: e770b220cccbd017edd2c1fefb359320 -> 
  custom:video-decoder-webm-vp8: 9c59270c3fd7afecdb556c50c9e8de78 -> 
  custom:audio-decoder-ogg-vorbis: bf7c407c2cedff20999df2af8eb42d56 -> 
  custom:audio-encoder-webm-vorbis: bf7c407c2cedff20999df2af8eb42d56 -> 
========================================================================
Received Import Request.
  Time since last request: 117.958401 seconds.
  path: Assets/Actions/Player/Scripts/PlayerBehaviour.cs
  artifactKey: Guid(15e8121ce4fe19a4e96da272e30bdf75) Importer(815301076,1909f56bfc062723c751e8b465ee728b)
Start importing Assets/Actions/Player/Scripts/PlayerBehaviour.cs using Guid(15e8121ce4fe19a4e96da272e30bdf75) Importer(815301076,1909f56bfc062723c751e8b465ee728b)  -> (artifact id: 'beae8800980a4b9d7275928f2f92f956') in 0.008408 seconds 
  Import took 0.016082 seconds .

========================================================================
Received Import Request.
  Time since last request: 0.516606 seconds.
  path: Assets/Actions/Player/Scripts/PlayerController.cs
  artifactKey: Guid(c1cf9f45398be2647b495911d8fdac64) Importer(815301076,1909f56bfc062723c751e8b465ee728b)
Start importing Assets/Actions/Player/Scripts/PlayerController.cs using Guid(c1cf9f45398be2647b495911d8fdac64) Importer(815301076,1909f56bfc062723c751e8b465ee728b)  -> (artifact id: '72c748ed01a3dbd2fe7e325492de4acf') in 0.006000 seconds 
  Import took 0.017041 seconds .

========================================================================
Received Import Request.
  Time since last request: 9.685731 seconds.
  path: Assets/Actions/Player/Scripts/AttackBox.cs
  artifactKey: Guid(fb65c5df53e3f3d489d44e3d300be3ef) Importer(815301076,1909f56bfc062723c751e8b465ee728b)
Start importing Assets/Actions/Player/Scripts/AttackBox.cs using Guid(fb65c5df53e3f3d489d44e3d300be3ef) Importer(815301076,1909f56bfc062723c751e8b465ee728b)  -> (artifact id: '4be13882b56c31480c42a0d8987dc144') in 0.007399 seconds 
  Import took 0.019753 seconds .

========================================================================
Received Prepare
Registering precompiled user dll's ...
Registered in 0.005828 seconds.
Begin MonoManager ReloadAssembly
Native extension for WindowsStandalone target not found
Native extension for OSXStandalone target not found
Native extension for WebGL target not found
Refreshing native plugins compatible for Editor in 1.11 ms, found 3 plugins.
Preloading 0 native plugins for Editor in 0.00 ms.
Mono: successfully reloaded assembly
- Completed reload, in  1.884 seconds
Domain Reload Profiling:
	ReloadAssembly (1885ms)
		BeginReloadAssembly (182ms)
			ExecutionOrderSort (0ms)
			DisableScriptedObjects (10ms)
			BackupInstance (0ms)
			ReleaseScriptingObjects (0ms)
			CreateAndSetChildDomain (102ms)
		EndReloadAssembly (1619ms)
			LoadAssemblies (111ms)
			RebuildTransferFunctionScriptingTraits (0ms)
			SetupTypeCache (603ms)
			ReleaseScriptCaches (2ms)
			RebuildScriptCaches (88ms)
			SetupLoadedEditorAssemblies (556ms)
				LogAssemblyErrors (0ms)
				InitializePlatformSupportModulesInManaged (7ms)
				SetLoadedEditorAssemblies (1ms)
				RefreshPlugins (1ms)
				BeforeProcessingInitializeOnLoad (210ms)
				ProcessInitializeOnLoadAttributes (321ms)
				ProcessInitializeOnLoadMethodAttributes (14ms)
				AfterProcessingInitializeOnLoad (2ms)
				EditorAssembliesLoaded (0ms)
			ExecutionOrderSort2 (0ms)
			AwakeInstancesAfterBackupRestoration (17ms)
Platform modules already initialized, skipping
Refreshing native plugins compatible for Editor in 1.03 ms, found 3 plugins.
Preloading 0 native plugins for Editor in 0.00 ms.
Unloading 3429 Unused Serialized files (Serialized files now loaded: 0)
System memory in use before: 282.5 MB.
System memory in use after: 282.7 MB.

Unloading 19 unused Assets to reduce memory usage. Loaded Objects now: 4048.
Total: 6.328976 ms (FindLiveObjects: 0.411109 ms CreateObjectMapping: 0.255263 ms MarkObjects: 5.618830 ms  DeleteObjects: 0.042049 ms)

AssetImportParameters requested are different than current active one (requested -> active):
  custom:video-decoder-ogg-theora: a1e56fd34408186e4bbccfd4996cb3dc -> 
  custom:container-muxer-webm: aa71ff27fc2769a1b78a27578f13a17b -> 
  custom:container-demuxer-webm: 4f35f7cbe854078d1ac9338744f61a02 -> 
  custom:container-demuxer-ogg: 62fdf1f143b41e24485cea50d1cbac27 -> 
  custom:video-encoder-webm-vp8: eb34c28f22e8b96e1ab97ce403110664 -> 
  custom:framework-osx-AVFoundation: e770b220cccbd017edd2c1fefb359320 -> 
  custom:video-decoder-webm-vp8: 9c59270c3fd7afecdb556c50c9e8de78 -> 
  custom:audio-decoder-ogg-vorbis: bf7c407c2cedff20999df2af8eb42d56 -> 
  custom:audio-encoder-webm-vorbis: bf7c407c2cedff20999df2af8eb42d56 -> 
========================================================================
Received Prepare
Registering precompiled user dll's ...
Registered in 0.008272 seconds.
Begin MonoManager ReloadAssembly
Native extension for WindowsStandalone target not found
Native extension for OSXStandalone target not found
Native extension for WebGL target not found
Refreshing native plugins compatible for Editor in 0.74 ms, found 3 plugins.
Preloading 0 native plugins for Editor in 0.00 ms.
Mono: successfully reloaded assembly
- Completed reload, in  1.637 seconds
Domain Reload Profiling:
	ReloadAssembly (1637ms)
		BeginReloadAssembly (223ms)
			ExecutionOrderSort (0ms)
			DisableScriptedObjects (7ms)
			BackupInstance (0ms)
			ReleaseScriptingObjects (0ms)
			CreateAndSetChildDomain (93ms)
		EndReloadAssembly (1344ms)
			LoadAssemblies (200ms)
			RebuildTransferFunctionScriptingTraits (0ms)
			SetupTypeCache (477ms)
			ReleaseScriptCaches (1ms)
			RebuildScriptCaches (71ms)
			SetupLoadedEditorAssemblies (439ms)
				LogAssemblyErrors (0ms)
				InitializePlatformSupportModulesInManaged (5ms)
				SetLoadedEditorAssemblies (1ms)
				RefreshPlugins (1ms)
				BeforeProcessingInitializeOnLoad (149ms)
				ProcessInitializeOnLoadAttributes (264ms)
				ProcessInitializeOnLoadMethodAttributes (17ms)
				AfterProcessingInitializeOnLoad (1ms)
				EditorAssembliesLoaded (0ms)
			ExecutionOrderSort2 (0ms)
			AwakeInstancesAfterBackupRestoration (16ms)
Platform modules already initialized, skipping
Refreshing native plugins compatible for Editor in 1.03 ms, found 3 plugins.
Preloading 0 native plugins for Editor in 0.00 ms.
Unloading 3429 Unused Serialized files (Serialized files now loaded: 0)
System memory in use before: 282.7 MB.
System memory in use after: 282.9 MB.

Unloading 19 unused Assets to reduce memory usage. Loaded Objects now: 4050.
Total: 5.343033 ms (FindLiveObjects: 0.296415 ms CreateObjectMapping: 0.164224 ms MarkObjects: 4.843486 ms  DeleteObjects: 0.037386 ms)

AssetImportParameters requested are different than current active one (requested -> active):
  custom:video-decoder-ogg-theora: a1e56fd34408186e4bbccfd4996cb3dc -> 
  custom:container-muxer-webm: aa71ff27fc2769a1b78a27578f13a17b -> 
  custom:container-demuxer-webm: 4f35f7cbe854078d1ac9338744f61a02 -> 
  custom:container-demuxer-ogg: 62fdf1f143b41e24485cea50d1cbac27 -> 
  custom:video-encoder-webm-vp8: eb34c28f22e8b96e1ab97ce403110664 -> 
  custom:framework-osx-AVFoundation: e770b220cccbd017edd2c1fefb359320 -> 
  custom:video-decoder-webm-vp8: 9c59270c3fd7afecdb556c50c9e8de78 -> 
  custom:audio-decoder-ogg-vorbis: bf7c407c2cedff20999df2af8eb42d56 -> 
  custom:audio-encoder-webm-vorbis: bf7c407c2cedff20999df2af8eb42d56 -> 
========================================================================
Received Import Request.
  Time since last request: 88.694874 seconds.
  path: Assets/Stages/Prefabs/GimickManeder.prefab
  artifactKey: Guid(dae2728d3664d408b87f9fc6f1158aa9) Importer(815301076,1909f56bfc062723c751e8b465ee728b)
Start importing Assets/Stages/Prefabs/GimickManeder.prefab using Guid(dae2728d3664d408b87f9fc6f1158aa9) Importer(815301076,1909f56bfc062723c751e8b465ee728b)  -> (artifact id: '908057da00bc39c4c37b53d16cf990f6') in 1.517306 seconds 
  Import took 1.530545 seconds .

========================================================================
Received Import Request.
  Time since last request: 0.000428 seconds.
  path: Assets/Stages/Prefabs/ShelterToStage.prefab
  artifactKey: Guid(55c4e77255a0b4f00986a7f22ce73eeb) Importer(815301076,1909f56bfc062723c751e8b465ee728b)
Start importing Assets/Stages/Prefabs/ShelterToStage.prefab using Guid(55c4e77255a0b4f00986a7f22ce73eeb) Importer(815301076,1909f56bfc062723c751e8b465ee728b)  -> (artifact id: 'd2df4850daaba289c580e5f7268ba80a') in 0.208322 seconds 
  Import took 0.216345 seconds .

========================================================================
Received Import Request.
  Time since last request: 0.000276 seconds.
  path: Assets/Actions/Player/Prefabs/player.prefab
  artifactKey: Guid(1f839ec477f3444449de78886c846288) Importer(815301076,1909f56bfc062723c751e8b465ee728b)
Start importing Assets/Actions/Player/Prefabs/player.prefab using Guid(1f839ec477f3444449de78886c846288) Importer(815301076,1909f56bfc062723c751e8b465ee728b)  -> (artifact id: 'f68d4213b16d23c07afd3de365d356bb') in 0.041180 seconds 
  Import took 0.049194 seconds .

========================================================================
Received Import Request.
  Time since last request: 0.000241 seconds.
  path: Assets/UI/Prefabs/MenuInAction.prefab
  artifactKey: Guid(eb93c681662eab64bb476fa8206d0b05) Importer(815301076,1909f56bfc062723c751e8b465ee728b)
Start importing Assets/UI/Prefabs/MenuInAction.prefab using Guid(eb93c681662eab64bb476fa8206d0b05) Importer(815301076,1909f56bfc062723c751e8b465ee728b)  -> (artifact id: '21b7a67679d7facaa623c4f503de9244') in 0.088294 seconds 
  Import took 0.099115 seconds .

========================================================================
Received Import Request.
  Time since last request: 0.000308 seconds.
  path: Assets/Stages/Tiles/stage.prefab
  artifactKey: Guid(d1f39885a598e4ab6aedd016be9678aa) Importer(815301076,1909f56bfc062723c751e8b465ee728b)
Start importing Assets/Stages/Tiles/stage.prefab using Guid(d1f39885a598e4ab6aedd016be9678aa) Importer(815301076,1909f56bfc062723c751e8b465ee728b)  -> (artifact id: '174703a524572348b788c6b2c29ca195') in 0.113825 seconds 
  Import took 0.122907 seconds .

========================================================================
Received Import Request.
  Time since last request: 0.000279 seconds.
  path: Assets/Stages/Prefabs/StageToShelter.prefab
  artifactKey: Guid(ae26854e3f1a648d993ee9f0d88a4a16) Importer(815301076,1909f56bfc062723c751e8b465ee728b)
Start importing Assets/Stages/Prefabs/StageToShelter.prefab using Guid(ae26854e3f1a648d993ee9f0d88a4a16) Importer(815301076,1909f56bfc062723c751e8b465ee728b)  -> (artifact id: '677b6d75a51b25d2185441dd745db5b3') in 0.016018 seconds 
  Import took 0.025228 seconds .

========================================================================
Received Import Request.
  Time since last request: 0.000338 seconds.
  path: Assets/Stages/Example/stage1.prefab
  artifactKey: Guid(a51a4beb5a8f4495aa88502c34a94bc4) Importer(815301076,1909f56bfc062723c751e8b465ee728b)
Start importing Assets/Stages/Example/stage1.prefab using Guid(a51a4beb5a8f4495aa88502c34a94bc4) Importer(815301076,1909f56bfc062723c751e8b465ee728b)  -> (artifact id: '04bb3da1aa30171be80263e44454f557') in 0.019062 seconds 
  Import took 0.028845 seconds .

========================================================================
Received Import Request.
  Time since last request: 0.167052 seconds.
  path: Assets/Stages/Prefabs/ForceObj.prefab
  artifactKey: Guid(d572f86ecbd114890915ed3d3f7bde72) Importer(815301076,1909f56bfc062723c751e8b465ee728b)
Start importing Assets/Stages/Prefabs/ForceObj.prefab using Guid(d572f86ecbd114890915ed3d3f7bde72) Importer(815301076,1909f56bfc062723c751e8b465ee728b)  -> (artifact id: '69228d5f22b339344d53383e295f7679') in 0.023797 seconds 
  Import took 0.033906 seconds .

========================================================================
Received Import Request.
  Time since last request: 0.000361 seconds.
  path: Assets/Stages/Prefabs/GenelateArea.prefab
  artifactKey: Guid(7511517e51cc4465894c4e9844302b29) Importer(815301076,1909f56bfc062723c751e8b465ee728b)
Start importing Assets/Stages/Prefabs/GenelateArea.prefab using Guid(7511517e51cc4465894c4e9844302b29) Importer(815301076,1909f56bfc062723c751e8b465ee728b)  -> (artifact id: '1584e5dc21b03a2b56a50f4fc5b7847d') in 0.008514 seconds 
  Import took 0.016406 seconds .

========================================================================
Received Prepare
Registering precompiled user dll's ...
Registered in 0.012740 seconds.
Begin MonoManager ReloadAssembly
Native extension for WindowsStandalone target not found
Native extension for OSXStandalone target not found
Native extension for WebGL target not found
Refreshing native plugins compatible for Editor in 0.73 ms, found 3 plugins.
Preloading 0 native plugins for Editor in 0.00 ms.
Mono: successfully reloaded assembly
- Completed reload, in  1.710 seconds
Domain Reload Profiling:
	ReloadAssembly (1710ms)
		BeginReloadAssembly (250ms)
			ExecutionOrderSort (0ms)
			DisableScriptedObjects (9ms)
			BackupInstance (0ms)
			ReleaseScriptingObjects (0ms)
			CreateAndSetChildDomain (96ms)
		EndReloadAssembly (1387ms)
			LoadAssemblies (214ms)
			RebuildTransferFunctionScriptingTraits (0ms)
			SetupTypeCache (491ms)
			ReleaseScriptCaches (2ms)
			RebuildScriptCaches (66ms)
			SetupLoadedEditorAssemblies (435ms)
				LogAssemblyErrors (0ms)
				InitializePlatformSupportModulesInManaged (5ms)
				SetLoadedEditorAssemblies (1ms)
				RefreshPlugins (1ms)
				BeforeProcessingInitializeOnLoad (147ms)
				ProcessInitializeOnLoadAttributes (261ms)
				ProcessInitializeOnLoadMethodAttributes (19ms)
				AfterProcessingInitializeOnLoad (2ms)
				EditorAssembliesLoaded (0ms)
			ExecutionOrderSort2 (0ms)
			AwakeInstancesAfterBackupRestoration (22ms)
Platform modules already initialized, skipping
Refreshing native plugins compatible for Editor in 1.00 ms, found 3 plugins.
Preloading 0 native plugins for Editor in 0.00 ms.
Unloading 3429 Unused Serialized files (Serialized files now loaded: 0)
System memory in use before: 290.1 MB.
System memory in use after: 290.3 MB.

Unloading 19 unused Assets to reduce memory usage. Loaded Objects now: 4096.
Total: 5.708371 ms (FindLiveObjects: 0.317249 ms CreateObjectMapping: 0.173389 ms MarkObjects: 5.177255 ms  DeleteObjects: 0.038693 ms)

AssetImportParameters requested are different than current active one (requested -> active):
  custom:video-decoder-ogg-theora: a1e56fd34408186e4bbccfd4996cb3dc -> 
  custom:container-muxer-webm: aa71ff27fc2769a1b78a27578f13a17b -> 
  custom:container-demuxer-webm: 4f35f7cbe854078d1ac9338744f61a02 -> 
  custom:container-demuxer-ogg: 62fdf1f143b41e24485cea50d1cbac27 -> 
  custom:video-encoder-webm-vp8: eb34c28f22e8b96e1ab97ce403110664 -> 
  custom:framework-osx-AVFoundation: e770b220cccbd017edd2c1fefb359320 -> 
  custom:video-decoder-webm-vp8: 9c59270c3fd7afecdb556c50c9e8de78 -> 
  custom:audio-decoder-ogg-vorbis: bf7c407c2cedff20999df2af8eb42d56 -> 
  custom:audio-encoder-webm-vorbis: bf7c407c2cedff20999df2af8eb42d56 -> 
========================================================================
Received Import Request.
  Time since last request: 54.896533 seconds.
  path: Assets/GameManages/Plefabs/おもちゃ/HyosTestAttackField.cs
  artifactKey: Guid(c1a8c94180cce6742a6055140c1ae059) Importer(815301076,1909f56bfc062723c751e8b465ee728b)
Start importing Assets/GameManages/Plefabs/おもちゃ/HyosTestAttackField.cs using Guid(c1a8c94180cce6742a6055140c1ae059) Importer(815301076,1909f56bfc062723c751e8b465ee728b)  -> (artifact id: 'bd825de30efd87812c224c4042c877cc') in 0.010203 seconds 
  Import took 0.022844 seconds .

========================================================================
Received Prepare
Registering precompiled user dll's ...
Registered in 0.013032 seconds.
Begin MonoManager ReloadAssembly
Native extension for WindowsStandalone target not found
Native extension for OSXStandalone target not found
Native extension for WebGL target not found
Refreshing native plugins compatible for Editor in 0.67 ms, found 3 plugins.
Preloading 0 native plugins for Editor in 0.00 ms.
Mono: successfully reloaded assembly
- Completed reload, in  1.782 seconds
Domain Reload Profiling:
	ReloadAssembly (1783ms)
		BeginReloadAssembly (220ms)
			ExecutionOrderSort (0ms)
			DisableScriptedObjects (8ms)
			BackupInstance (0ms)
			ReleaseScriptingObjects (0ms)
			CreateAndSetChildDomain (90ms)
		EndReloadAssembly (1490ms)
			LoadAssemblies (208ms)
			RebuildTransferFunctionScriptingTraits (0ms)
			SetupTypeCache (475ms)
			ReleaseScriptCaches (2ms)
			RebuildScriptCaches (73ms)
			SetupLoadedEditorAssemblies (505ms)
				LogAssemblyErrors (0ms)
				InitializePlatformSupportModulesInManaged (7ms)
				SetLoadedEditorAssemblies (1ms)
				RefreshPlugins (1ms)
				BeforeProcessingInitializeOnLoad (154ms)
				ProcessInitializeOnLoadAttributes (324ms)
				ProcessInitializeOnLoadMethodAttributes (17ms)
				AfterProcessingInitializeOnLoad (1ms)
				EditorAssembliesLoaded (0ms)
			ExecutionOrderSort2 (0ms)
			AwakeInstancesAfterBackupRestoration (24ms)
Platform modules already initialized, skipping
Refreshing native plugins compatible for Editor in 0.94 ms, found 3 plugins.
Preloading 0 native plugins for Editor in 0.00 ms.
Unloading 3429 Unused Serialized files (Serialized files now loaded: 0)
System memory in use before: 290.3 MB.
System memory in use after: 290.5 MB.

Unloading 19 unused Assets to reduce memory usage. Loaded Objects now: 4098.
Total: 3.985001 ms (FindLiveObjects: 0.248538 ms CreateObjectMapping: 0.134520 ms MarkObjects: 3.569369 ms  DeleteObjects: 0.031615 ms)

AssetImportParameters requested are different than current active one (requested -> active):
  custom:video-decoder-ogg-theora: a1e56fd34408186e4bbccfd4996cb3dc -> 
  custom:container-muxer-webm: aa71ff27fc2769a1b78a27578f13a17b -> 
  custom:container-demuxer-webm: 4f35f7cbe854078d1ac9338744f61a02 -> 
  custom:container-demuxer-ogg: 62fdf1f143b41e24485cea50d1cbac27 -> 
  custom:video-encoder-webm-vp8: eb34c28f22e8b96e1ab97ce403110664 -> 
  custom:framework-osx-AVFoundation: e770b220cccbd017edd2c1fefb359320 -> 
  custom:video-decoder-webm-vp8: 9c59270c3fd7afecdb556c50c9e8de78 -> 
  custom:audio-decoder-ogg-vorbis: bf7c407c2cedff20999df2af8eb42d56 -> 
  custom:audio-encoder-webm-vorbis: bf7c407c2cedff20999df2af8eb42d56 -> 
========================================================================
Received Prepare
Registering precompiled user dll's ...
Registered in 0.005966 seconds.
Begin MonoManager ReloadAssembly
Native extension for WindowsStandalone target not found
Native extension for OSXStandalone target not found
Native extension for WebGL target not found
Refreshing native plugins compatible for Editor in 0.77 ms, found 3 plugins.
Preloading 0 native plugins for Editor in 0.00 ms.
Mono: successfully reloaded assembly
- Completed reload, in  1.803 seconds
Domain Reload Profiling:
	ReloadAssembly (1803ms)
		BeginReloadAssembly (160ms)
			ExecutionOrderSort (0ms)
			DisableScriptedObjects (8ms)
			BackupInstance (0ms)
			ReleaseScriptingObjects (0ms)
			CreateAndSetChildDomain (87ms)
		EndReloadAssembly (1569ms)
			LoadAssemblies (99ms)
			RebuildTransferFunctionScriptingTraits (0ms)
			SetupTypeCache (509ms)
			ReleaseScriptCaches (2ms)
			RebuildScriptCaches (78ms)
			SetupLoadedEditorAssemblies (570ms)
				LogAssemblyErrors (0ms)
				InitializePlatformSupportModulesInManaged (8ms)
				SetLoadedEditorAssemblies (1ms)
				RefreshPlugins (1ms)
				BeforeProcessingInitializeOnLoad (164ms)
				ProcessInitializeOnLoadAttributes (375ms)
				ProcessInitializeOnLoadMethodAttributes (20ms)
				AfterProcessingInitializeOnLoad (2ms)
				EditorAssembliesLoaded (0ms)
			ExecutionOrderSort2 (0ms)
			AwakeInstancesAfterBackupRestoration (34ms)
Platform modules already initialized, skipping
Refreshing native plugins compatible for Editor in 1.06 ms, found 3 plugins.
Preloading 0 native plugins for Editor in 0.00 ms.
Unloading 3429 Unused Serialized files (Serialized files now loaded: 0)
System memory in use before: 290.5 MB.
System memory in use after: 290.8 MB.

Unloading 19 unused Assets to reduce memory usage. Loaded Objects now: 4100.
Total: 5.671391 ms (FindLiveObjects: 0.275365 ms CreateObjectMapping: 0.142519 ms MarkObjects: 5.214491 ms  DeleteObjects: 0.037618 ms)

AssetImportParameters requested are different than current active one (requested -> active):
  custom:video-decoder-ogg-theora: a1e56fd34408186e4bbccfd4996cb3dc -> 
  custom:container-muxer-webm: aa71ff27fc2769a1b78a27578f13a17b -> 
  custom:container-demuxer-webm: 4f35f7cbe854078d1ac9338744f61a02 -> 
  custom:container-demuxer-ogg: 62fdf1f143b41e24485cea50d1cbac27 -> 
  custom:video-encoder-webm-vp8: eb34c28f22e8b96e1ab97ce403110664 -> 
  custom:framework-osx-AVFoundation: e770b220cccbd017edd2c1fefb359320 -> 
  custom:video-decoder-webm-vp8: 9c59270c3fd7afecdb556c50c9e8de78 -> 
  custom:audio-decoder-ogg-vorbis: bf7c407c2cedff20999df2af8eb42d56 -> 
  custom:audio-encoder-webm-vorbis: bf7c407c2cedff20999df2af8eb42d56 -> 
========================================================================
Received Prepare
Registering precompiled user dll's ...
Registered in 0.004636 seconds.
Begin MonoManager ReloadAssembly
Native extension for WindowsStandalone target not found
Native extension for OSXStandalone target not found
Native extension for WebGL target not found
Refreshing native plugins compatible for Editor in 0.83 ms, found 3 plugins.
Preloading 0 native plugins for Editor in 0.00 ms.
Mono: successfully reloaded assembly
- Completed reload, in  1.559 seconds
Domain Reload Profiling:
	ReloadAssembly (1559ms)
		BeginReloadAssembly (212ms)
			ExecutionOrderSort (0ms)
			DisableScriptedObjects (7ms)
			BackupInstance (0ms)
			ReleaseScriptingObjects (0ms)
			CreateAndSetChildDomain (82ms)
		EndReloadAssembly (1280ms)
			LoadAssemblies (147ms)
			RebuildTransferFunctionScriptingTraits (0ms)
			SetupTypeCache (434ms)
			ReleaseScriptCaches (2ms)
			RebuildScriptCaches (67ms)
			SetupLoadedEditorAssemblies (412ms)
				LogAssemblyErrors (0ms)
				InitializePlatformSupportModulesInManaged (6ms)
				SetLoadedEditorAssemblies (1ms)
				RefreshPlugins (1ms)
				BeforeProcessingInitializeOnLoad (146ms)
				ProcessInitializeOnLoadAttributes (244ms)
				ProcessInitializeOnLoadMethodAttributes (12ms)
				AfterProcessingInitializeOnLoad (2ms)
				EditorAssembliesLoaded (0ms)
			ExecutionOrderSort2 (0ms)
			AwakeInstancesAfterBackupRestoration (22ms)
Platform modules already initialized, skipping
Refreshing native plugins compatible for Editor in 1.01 ms, found 3 plugins.
Preloading 0 native plugins for Editor in 0.00 ms.
Unloading 3429 Unused Serialized files (Serialized files now loaded: 0)
System memory in use before: 290.7 MB.
System memory in use after: 291.0 MB.

Unloading 19 unused Assets to reduce memory usage. Loaded Objects now: 4102.
Total: 5.471750 ms (FindLiveObjects: 0.309714 ms CreateObjectMapping: 0.174731 ms MarkObjects: 4.945577 ms  DeleteObjects: 0.040263 ms)

AssetImportParameters requested are different than current active one (requested -> active):
  custom:video-decoder-ogg-theora: a1e56fd34408186e4bbccfd4996cb3dc -> 
  custom:container-muxer-webm: aa71ff27fc2769a1b78a27578f13a17b -> 
  custom:container-demuxer-webm: 4f35f7cbe854078d1ac9338744f61a02 -> 
  custom:container-demuxer-ogg: 62fdf1f143b41e24485cea50d1cbac27 -> 
  custom:video-encoder-webm-vp8: eb34c28f22e8b96e1ab97ce403110664 -> 
  custom:framework-osx-AVFoundation: e770b220cccbd017edd2c1fefb359320 -> 
  custom:video-decoder-webm-vp8: 9c59270c3fd7afecdb556c50c9e8de78 -> 
  custom:audio-decoder-ogg-vorbis: bf7c407c2cedff20999df2af8eb42d56 -> 
  custom:audio-encoder-webm-vorbis: bf7c407c2cedff20999df2af8eb42d56 -> 
========================================================================
Received Prepare
Registering precompiled user dll's ...
Registered in 0.013631 seconds.
Begin MonoManager ReloadAssembly
Native extension for WindowsStandalone target not found
Native extension for OSXStandalone target not found
Native extension for WebGL target not found
Refreshing native plugins compatible for Editor in 0.96 ms, found 3 plugins.
Preloading 0 native plugins for Editor in 0.00 ms.
Mono: successfully reloaded assembly
- Completed reload, in  1.703 seconds
Domain Reload Profiling:
	ReloadAssembly (1703ms)
		BeginReloadAssembly (261ms)
			ExecutionOrderSort (0ms)
			DisableScriptedObjects (10ms)
			BackupInstance (0ms)
			ReleaseScriptingObjects (0ms)
			CreateAndSetChildDomain (101ms)
		EndReloadAssembly (1356ms)
			LoadAssemblies (232ms)
			RebuildTransferFunctionScriptingTraits (0ms)
			SetupTypeCache (458ms)
			ReleaseScriptCaches (2ms)
			RebuildScriptCaches (80ms)
			SetupLoadedEditorAssemblies (424ms)
				LogAssemblyErrors (0ms)
				InitializePlatformSupportModulesInManaged (5ms)
				SetLoadedEditorAssemblies (1ms)
				RefreshPlugins (1ms)
				BeforeProcessingInitializeOnLoad (147ms)
				ProcessInitializeOnLoadAttributes (252ms)
				ProcessInitializeOnLoadMethodAttributes (17ms)
				AfterProcessingInitializeOnLoad (2ms)
				EditorAssembliesLoaded (0ms)
			ExecutionOrderSort2 (0ms)
			AwakeInstancesAfterBackupRestoration (21ms)
Platform modules already initialized, skipping
Refreshing native plugins compatible for Editor in 1.05 ms, found 3 plugins.
Preloading 0 native plugins for Editor in 0.00 ms.
Unloading 3429 Unused Serialized files (Serialized files now loaded: 0)
System memory in use before: 291.0 MB.
System memory in use after: 291.2 MB.

Unloading 19 unused Assets to reduce memory usage. Loaded Objects now: 4104.
Total: 5.741333 ms (FindLiveObjects: 0.333328 ms CreateObjectMapping: 0.182999 ms MarkObjects: 5.182043 ms  DeleteObjects: 0.041247 ms)

AssetImportParameters requested are different than current active one (requested -> active):
  custom:video-decoder-ogg-theora: a1e56fd34408186e4bbccfd4996cb3dc -> 
  custom:container-muxer-webm: aa71ff27fc2769a1b78a27578f13a17b -> 
  custom:container-demuxer-webm: 4f35f7cbe854078d1ac9338744f61a02 -> 
  custom:container-demuxer-ogg: 62fdf1f143b41e24485cea50d1cbac27 -> 
  custom:video-encoder-webm-vp8: eb34c28f22e8b96e1ab97ce403110664 -> 
  custom:framework-osx-AVFoundation: e770b220cccbd017edd2c1fefb359320 -> 
  custom:video-decoder-webm-vp8: 9c59270c3fd7afecdb556c50c9e8de78 -> 
  custom:audio-decoder-ogg-vorbis: bf7c407c2cedff20999df2af8eb42d56 -> 
  custom:audio-encoder-webm-vorbis: bf7c407c2cedff20999df2af8eb42d56 -> 
========================================================================
Received Import Request.
  Time since last request: 423.295650 seconds.
  path: Assets/Actions/Player/Animation/player_animator.controller
  artifactKey: Guid(6515af7ee1d19d343a0ece045a8d82bb) Importer(815301076,1909f56bfc062723c751e8b465ee728b)
Start importing Assets/Actions/Player/Animation/player_animator.controller using Guid(6515af7ee1d19d343a0ece045a8d82bb) Importer(815301076,1909f56bfc062723c751e8b465ee728b)  -> (artifact id: '1b298f2880f7d0da785e8623779f1691') in 0.446034 seconds 
  Import took 0.470106 seconds .

========================================================================
Received Import Request.
  Time since last request: 17.306581 seconds.
  path: Assets/Actions/Player/Animation/run.anim
  artifactKey: Guid(0b6566a28fa5b504385e1d87c0fb8a8b) Importer(815301076,1909f56bfc062723c751e8b465ee728b)
Start importing Assets/Actions/Player/Animation/run.anim using Guid(0b6566a28fa5b504385e1d87c0fb8a8b) Importer(815301076,1909f56bfc062723c751e8b465ee728b)  -> (artifact id: 'eede6b3b1a57fa9910ee5872fde59715') in 0.211905 seconds 
  Import took 0.223551 seconds .

========================================================================
Received Import Request.
  Time since last request: 0.399056 seconds.
  path: Assets/Actions/Player/Animation/jump_up.anim
  artifactKey: Guid(1eb64b13fffb2ad40ad8c283a72e5755) Importer(815301076,1909f56bfc062723c751e8b465ee728b)
Start importing Assets/Actions/Player/Animation/jump_up.anim using Guid(1eb64b13fffb2ad40ad8c283a72e5755) Importer(815301076,1909f56bfc062723c751e8b465ee728b)  -> (artifact id: 'dc91eecbef583a876a0d6c04735f4af2') in 0.005986 seconds 
  Import took 0.020023 seconds .

========================================================================
Received Import Request.
  Time since last request: 48.427186 seconds.
  path: Assets/Actions/Player/Textures/player_test/jump1.png
  artifactKey: Guid(2c01f33df9d984041ae9f6ef1b4728d1) Importer(815301076,1909f56bfc062723c751e8b465ee728b)
Start importing Assets/Actions/Player/Textures/player_test/jump1.png using Guid(2c01f33df9d984041ae9f6ef1b4728d1) Importer(815301076,1909f56bfc062723c751e8b465ee728b)  -> (artifact id: 'f78008c7d1bba4b75a639ced83437192') in 1.601267 seconds 
  Import took 1.621208 seconds .

========================================================================
Received Import Request.
  Time since last request: 9.744795 seconds.
  path: Assets/Actions/Player/Animation/jump_down.anim
  artifactKey: Guid(2477abc73ada60b42a8c11390bf6064e) Importer(815301076,1909f56bfc062723c751e8b465ee728b)
Start importing Assets/Actions/Player/Animation/jump_down.anim using Guid(2477abc73ada60b42a8c11390bf6064e) Importer(815301076,1909f56bfc062723c751e8b465ee728b)  -> (artifact id: '2d211bd1edb431178fa8c1e47a84242e') in 0.011237 seconds 
  Import took 0.022675 seconds .

========================================================================
Received Import Request.
  Time since last request: 0.619401 seconds.
  path: Assets/Actions/Player/Animation/dash.anim
  artifactKey: Guid(c06bf96a494f34c09af150908ed0f95f) Importer(815301076,1909f56bfc062723c751e8b465ee728b)
Start importing Assets/Actions/Player/Animation/dash.anim using Guid(c06bf96a494f34c09af150908ed0f95f) Importer(815301076,1909f56bfc062723c751e8b465ee728b)  -> (artifact id: '80f406de8760537ea1db4dbc0f50fe16') in 0.010088 seconds 
  Import took 0.022360 seconds .

========================================================================
Received Import Request.
  Time since last request: 0.556578 seconds.
  path: Assets/Actions/Player/Animation/attack_normal.anim
  artifactKey: Guid(eb7303435ec46144093b28d618c78e20) Importer(815301076,1909f56bfc062723c751e8b465ee728b)
Start importing Assets/Actions/Player/Animation/attack_normal.anim using Guid(eb7303435ec46144093b28d618c78e20) Importer(815301076,1909f56bfc062723c751e8b465ee728b)  -> (artifact id: 'fcffada11f488ada8f2c0d8aeba29a6c') in 0.010068 seconds 
  Import took 0.022166 seconds .

========================================================================
Received Import Request.
  Time since last request: 2.544030 seconds.
  path: Assets/Actions/Player/Textures/player_test/stand.png
  artifactKey: Guid(7964dd55243076140af628d1210898e5) Importer(815301076,1909f56bfc062723c751e8b465ee728b)
Start importing Assets/Actions/Player/Textures/player_test/stand.png using Guid(7964dd55243076140af628d1210898e5) Importer(815301076,1909f56bfc062723c751e8b465ee728b)  -> (artifact id: '768fd50e6ac1acacb34666cc05952914') in 0.027727 seconds 
  Import took 0.041302 seconds .

========================================================================
Received Import Request.
  Time since last request: 0.000411 seconds.
  path: Assets/Actions/Player/Textures/player_test/run1.png
  artifactKey: Guid(b8c7b012b8d84a8408c9296c1cabb984) Importer(815301076,1909f56bfc062723c751e8b465ee728b)
Start importing Assets/Actions/Player/Textures/player_test/run1.png using Guid(b8c7b012b8d84a8408c9296c1cabb984) Importer(815301076,1909f56bfc062723c751e8b465ee728b)  -> (artifact id: '958043e9e04200d7aa91d5c77e58657f') in 0.027824 seconds 
  Import took 0.038555 seconds .

========================================================================
Received Prepare
Registering precompiled user dll's ...
Registered in 0.013401 seconds.
Begin MonoManager ReloadAssembly
Native extension for WindowsStandalone target not found
Native extension for OSXStandalone target not found
Native extension for WebGL target not found
Refreshing native plugins compatible for Editor in 0.81 ms, found 3 plugins.
Preloading 0 native plugins for Editor in 0.00 ms.
Mono: successfully reloaded assembly
- Completed reload, in  2.200 seconds
Domain Reload Profiling:
	ReloadAssembly (2203ms)
		BeginReloadAssembly (311ms)
			ExecutionOrderSort (0ms)
			DisableScriptedObjects (23ms)
			BackupInstance (0ms)
			ReleaseScriptingObjects (0ms)
			CreateAndSetChildDomain (187ms)
		EndReloadAssembly (1803ms)
			LoadAssemblies (130ms)
			RebuildTransferFunctionScriptingTraits (0ms)
			SetupTypeCache (601ms)
			ReleaseScriptCaches (2ms)
			RebuildScriptCaches (82ms)
			SetupLoadedEditorAssemblies (657ms)
				LogAssemblyErrors (0ms)
				InitializePlatformSupportModulesInManaged (8ms)
				SetLoadedEditorAssemblies (1ms)
				RefreshPlugins (1ms)
				BeforeProcessingInitializeOnLoad (188ms)
				ProcessInitializeOnLoadAttributes (433ms)
				ProcessInitializeOnLoadMethodAttributes (23ms)
				AfterProcessingInitializeOnLoad (3ms)
				EditorAssembliesLoaded (0ms)
			ExecutionOrderSort2 (0ms)
			AwakeInstancesAfterBackupRestoration (42ms)
Platform modules already initialized, skipping
Refreshing native plugins compatible for Editor in 1.09 ms, found 3 plugins.
Preloading 0 native plugins for Editor in 0.00 ms.
Unloading 3429 Unused Serialized files (Serialized files now loaded: 0)
System memory in use before: 303.7 MB.
System memory in use after: 303.9 MB.

Unloading 19 unused Assets to reduce memory usage. Loaded Objects now: 4110.
Total: 5.951775 ms (FindLiveObjects: 0.357179 ms CreateObjectMapping: 0.236288 ms MarkObjects: 5.253735 ms  DeleteObjects: 0.103067 ms)

AssetImportParameters requested are different than current active one (requested -> active):
  custom:video-decoder-ogg-theora: a1e56fd34408186e4bbccfd4996cb3dc -> 
  custom:container-muxer-webm: aa71ff27fc2769a1b78a27578f13a17b -> 
  custom:container-demuxer-webm: 4f35f7cbe854078d1ac9338744f61a02 -> 
  custom:container-demuxer-ogg: 62fdf1f143b41e24485cea50d1cbac27 -> 
  custom:video-encoder-webm-vp8: eb34c28f22e8b96e1ab97ce403110664 -> 
  custom:framework-osx-AVFoundation: e770b220cccbd017edd2c1fefb359320 -> 
  custom:video-decoder-webm-vp8: 9c59270c3fd7afecdb556c50c9e8de78 -> 
  custom:audio-decoder-ogg-vorbis: bf7c407c2cedff20999df2af8eb42d56 -> 
  custom:audio-encoder-webm-vorbis: bf7c407c2cedff20999df2af8eb42d56 -> 
========================================================================
Received Prepare
Registering precompiled user dll's ...
Registered in 0.015783 seconds.
Begin MonoManager ReloadAssembly
Native extension for WindowsStandalone target not found
Native extension for OSXStandalone target not found
Native extension for WebGL target not found
Refreshing native plugins compatible for Editor in 0.77 ms, found 3 plugins.
Preloading 0 native plugins for Editor in 0.00 ms.
Mono: successfully reloaded assembly
- Completed reload, in  1.732 seconds
Domain Reload Profiling:
	ReloadAssembly (1733ms)
		BeginReloadAssembly (213ms)
			ExecutionOrderSort (0ms)
			DisableScriptedObjects (8ms)
			BackupInstance (0ms)
			ReleaseScriptingObjects (0ms)
			CreateAndSetChildDomain (87ms)
		EndReloadAssembly (1445ms)
			LoadAssemblies (209ms)
			RebuildTransferFunctionScriptingTraits (0ms)
			SetupTypeCache (502ms)
			ReleaseScriptCaches (1ms)
			RebuildScriptCaches (72ms)
			SetupLoadedEditorAssemblies (445ms)
				LogAssemblyErrors (0ms)
				InitializePlatformSupportModulesInManaged (8ms)
				SetLoadedEditorAssemblies (1ms)
				RefreshPlugins (1ms)
				BeforeProcessingInitializeOnLoad (154ms)
				ProcessInitializeOnLoadAttributes (262ms)
				ProcessInitializeOnLoadMethodAttributes (16ms)
				AfterProcessingInitializeOnLoad (2ms)
				EditorAssembliesLoaded (0ms)
			ExecutionOrderSort2 (0ms)
			AwakeInstancesAfterBackupRestoration (24ms)
Platform modules already initialized, skipping
Refreshing native plugins compatible for Editor in 0.83 ms, found 3 plugins.
Preloading 0 native plugins for Editor in 0.00 ms.
Unloading 3429 Unused Serialized files (Serialized files now loaded: 0)
System memory in use before: 303.9 MB.
System memory in use after: 304.1 MB.

Unloading 19 unused Assets to reduce memory usage. Loaded Objects now: 4112.
Total: 8.215926 ms (FindLiveObjects: 0.622604 ms CreateObjectMapping: 0.410611 ms MarkObjects: 7.143592 ms  DeleteObjects: 0.037050 ms)

AssetImportParameters requested are different than current active one (requested -> active):
  custom:video-decoder-ogg-theora: a1e56fd34408186e4bbccfd4996cb3dc -> 
  custom:container-muxer-webm: aa71ff27fc2769a1b78a27578f13a17b -> 
  custom:container-demuxer-webm: 4f35f7cbe854078d1ac9338744f61a02 -> 
  custom:container-demuxer-ogg: 62fdf1f143b41e24485cea50d1cbac27 -> 
  custom:video-encoder-webm-vp8: eb34c28f22e8b96e1ab97ce403110664 -> 
  custom:framework-osx-AVFoundation: e770b220cccbd017edd2c1fefb359320 -> 
  custom:video-decoder-webm-vp8: 9c59270c3fd7afecdb556c50c9e8de78 -> 
  custom:audio-decoder-ogg-vorbis: bf7c407c2cedff20999df2af8eb42d56 -> 
  custom:audio-encoder-webm-vorbis: bf7c407c2cedff20999df2af8eb42d56 -> 
========================================================================
Received Prepare
Registering precompiled user dll's ...
Registered in 0.004439 seconds.
Begin MonoManager ReloadAssembly
Native extension for WindowsStandalone target not found
Native extension for OSXStandalone target not found
Native extension for WebGL target not found
Refreshing native plugins compatible for Editor in 1.03 ms, found 3 plugins.
Preloading 0 native plugins for Editor in 0.00 ms.
Mono: successfully reloaded assembly
- Completed reload, in  1.619 seconds
Domain Reload Profiling:
	ReloadAssembly (1620ms)
		BeginReloadAssembly (199ms)
			ExecutionOrderSort (0ms)
			DisableScriptedObjects (11ms)
			BackupInstance (0ms)
			ReleaseScriptingObjects (0ms)
			CreateAndSetChildDomain (114ms)
		EndReloadAssembly (1339ms)
			LoadAssemblies (106ms)
			RebuildTransferFunctionScriptingTraits (0ms)
			SetupTypeCache (480ms)
			ReleaseScriptCaches (2ms)
			RebuildScriptCaches (73ms)
			SetupLoadedEditorAssemblies (427ms)
				LogAssemblyErrors (0ms)
				InitializePlatformSupportModulesInManaged (6ms)
				SetLoadedEditorAssemblies (1ms)
				RefreshPlugins (1ms)
				BeforeProcessingInitializeOnLoad (150ms)
				ProcessInitializeOnLoadAttributes (255ms)
				ProcessInitializeOnLoadMethodAttributes (12ms)
				AfterProcessingInitializeOnLoad (1ms)
				EditorAssembliesLoaded (0ms)
			ExecutionOrderSort2 (0ms)
			AwakeInstancesAfterBackupRestoration (22ms)
Platform modules already initialized, skipping
Refreshing native plugins compatible for Editor in 0.94 ms, found 3 plugins.
Preloading 0 native plugins for Editor in 0.00 ms.
Unloading 3429 Unused Serialized files (Serialized files now loaded: 0)
System memory in use before: 304.1 MB.
System memory in use after: 304.3 MB.

Unloading 19 unused Assets to reduce memory usage. Loaded Objects now: 4114.
Total: 5.261477 ms (FindLiveObjects: 0.451730 ms CreateObjectMapping: 0.207965 ms MarkObjects: 4.558950 ms  DeleteObjects: 0.040962 ms)

AssetImportParameters requested are different than current active one (requested -> active):
  custom:video-decoder-ogg-theora: a1e56fd34408186e4bbccfd4996cb3dc -> 
  custom:container-muxer-webm: aa71ff27fc2769a1b78a27578f13a17b -> 
  custom:container-demuxer-webm: 4f35f7cbe854078d1ac9338744f61a02 -> 
  custom:container-demuxer-ogg: 62fdf1f143b41e24485cea50d1cbac27 -> 
  custom:video-encoder-webm-vp8: eb34c28f22e8b96e1ab97ce403110664 -> 
  custom:framework-osx-AVFoundation: e770b220cccbd017edd2c1fefb359320 -> 
  custom:video-decoder-webm-vp8: 9c59270c3fd7afecdb556c50c9e8de78 -> 
  custom:audio-decoder-ogg-vorbis: bf7c407c2cedff20999df2af8eb42d56 -> 
  custom:audio-encoder-webm-vorbis: bf7c407c2cedff20999df2af8eb42d56 -> 
========================================================================
Received Prepare
Registering precompiled user dll's ...
Registered in 0.006270 seconds.
Begin MonoManager ReloadAssembly
Native extension for WindowsStandalone target not found
Native extension for OSXStandalone target not found
Native extension for WebGL target not found
Refreshing native plugins compatible for Editor in 0.85 ms, found 3 plugins.
Preloading 0 native plugins for Editor in 0.00 ms.
Mono: successfully reloaded assembly
- Completed reload, in  1.868 seconds
Domain Reload Profiling:
	ReloadAssembly (1869ms)
		BeginReloadAssembly (225ms)
			ExecutionOrderSort (0ms)
			DisableScriptedObjects (16ms)
			BackupInstance (0ms)
			ReleaseScriptingObjects (0ms)
			CreateAndSetChildDomain (133ms)
		EndReloadAssembly (1562ms)
			LoadAssemblies (105ms)
			RebuildTransferFunctionScriptingTraits (0ms)
			SetupTypeCache (549ms)
			ReleaseScriptCaches (2ms)
			RebuildScriptCaches (81ms)
			SetupLoadedEditorAssemblies (506ms)
				LogAssemblyErrors (0ms)
				InitializePlatformSupportModulesInManaged (5ms)
				SetLoadedEditorAssemblies (1ms)
				RefreshPlugins (1ms)
				BeforeProcessingInitializeOnLoad (159ms)
				ProcessInitializeOnLoadAttributes (318ms)
				ProcessInitializeOnLoadMethodAttributes (19ms)
				AfterProcessingInitializeOnLoad (2ms)
				EditorAssembliesLoaded (0ms)
			ExecutionOrderSort2 (0ms)
			AwakeInstancesAfterBackupRestoration (38ms)
Platform modules already initialized, skipping
Refreshing native plugins compatible for Editor in 0.90 ms, found 3 plugins.
Preloading 0 native plugins for Editor in 0.00 ms.
Unloading 3429 Unused Serialized files (Serialized files now loaded: 0)
System memory in use before: 304.3 MB.
System memory in use after: 304.6 MB.

Unloading 19 unused Assets to reduce memory usage. Loaded Objects now: 4116.
Total: 4.762113 ms (FindLiveObjects: 0.288292 ms CreateObjectMapping: 0.155632 ms MarkObjects: 4.282932 ms  DeleteObjects: 0.033883 ms)

AssetImportParameters requested are different than current active one (requested -> active):
  custom:video-decoder-ogg-theora: a1e56fd34408186e4bbccfd4996cb3dc -> 
  custom:container-muxer-webm: aa71ff27fc2769a1b78a27578f13a17b -> 
  custom:container-demuxer-webm: 4f35f7cbe854078d1ac9338744f61a02 -> 
  custom:container-demuxer-ogg: 62fdf1f143b41e24485cea50d1cbac27 -> 
  custom:video-encoder-webm-vp8: eb34c28f22e8b96e1ab97ce403110664 -> 
  custom:framework-osx-AVFoundation: e770b220cccbd017edd2c1fefb359320 -> 
  custom:video-decoder-webm-vp8: 9c59270c3fd7afecdb556c50c9e8de78 -> 
  custom:audio-decoder-ogg-vorbis: bf7c407c2cedff20999df2af8eb42d56 -> 
  custom:audio-encoder-webm-vorbis: bf7c407c2cedff20999df2af8eb42d56 -> 
========================================================================
Received Prepare
Registering precompiled user dll's ...
Registered in 0.014042 seconds.
Begin MonoManager ReloadAssembly
Native extension for WindowsStandalone target not found
Native extension for OSXStandalone target not found
Native extension for WebGL target not found
Refreshing native plugins compatible for Editor in 0.70 ms, found 3 plugins.
Preloading 0 native plugins for Editor in 0.00 ms.
Mono: successfully reloaded assembly
- Completed reload, in  1.754 seconds
Domain Reload Profiling:
	ReloadAssembly (1756ms)
		BeginReloadAssembly (290ms)
			ExecutionOrderSort (0ms)
			DisableScriptedObjects (14ms)
			BackupInstance (0ms)
			ReleaseScriptingObjects (0ms)
			CreateAndSetChildDomain (137ms)
		EndReloadAssembly (1393ms)
			LoadAssemblies (221ms)
			RebuildTransferFunctionScriptingTraits (0ms)
			SetupTypeCache (479ms)
			ReleaseScriptCaches (2ms)
			RebuildScriptCaches (70ms)
			SetupLoadedEditorAssemblies (436ms)
				LogAssemblyErrors (0ms)
				InitializePlatformSupportModulesInManaged (6ms)
				SetLoadedEditorAssemblies (1ms)
				RefreshPlugins (1ms)
				BeforeProcessingInitializeOnLoad (150ms)
				ProcessInitializeOnLoadAttributes (261ms)
				ProcessInitializeOnLoadMethodAttributes (17ms)
				AfterProcessingInitializeOnLoad (1ms)
				EditorAssembliesLoaded (0ms)
			ExecutionOrderSort2 (0ms)
			AwakeInstancesAfterBackupRestoration (22ms)
Platform modules already initialized, skipping
Refreshing native plugins compatible for Editor in 0.64 ms, found 3 plugins.
Preloading 0 native plugins for Editor in 0.00 ms.
Unloading 3429 Unused Serialized files (Serialized files now loaded: 0)
System memory in use before: 304.5 MB.
System memory in use after: 304.8 MB.

Unloading 19 unused Assets to reduce memory usage. Loaded Objects now: 4118.
Total: 4.690628 ms (FindLiveObjects: 0.359671 ms CreateObjectMapping: 0.185366 ms MarkObjects: 4.085945 ms  DeleteObjects: 0.058613 ms)

AssetImportParameters requested are different than current active one (requested -> active):
  custom:video-decoder-ogg-theora: a1e56fd34408186e4bbccfd4996cb3dc -> 
  custom:container-muxer-webm: aa71ff27fc2769a1b78a27578f13a17b -> 
  custom:container-demuxer-webm: 4f35f7cbe854078d1ac9338744f61a02 -> 
  custom:container-demuxer-ogg: 62fdf1f143b41e24485cea50d1cbac27 -> 
  custom:video-encoder-webm-vp8: eb34c28f22e8b96e1ab97ce403110664 -> 
  custom:framework-osx-AVFoundation: e770b220cccbd017edd2c1fefb359320 -> 
  custom:video-decoder-webm-vp8: 9c59270c3fd7afecdb556c50c9e8de78 -> 
  custom:audio-decoder-ogg-vorbis: bf7c407c2cedff20999df2af8eb42d56 -> 
  custom:audio-encoder-webm-vorbis: bf7c407c2cedff20999df2af8eb42d56 -> 
========================================================================
Received Import Request.
  Time since last request: 1140.615163 seconds.
  path: Assets/Actions/Player/Animation/stand.anim
  artifactKey: Guid(0640095b773f6614ba5dd66c9dcc7b72) Importer(815301076,1909f56bfc062723c751e8b465ee728b)
Start importing Assets/Actions/Player/Animation/stand.anim using Guid(0640095b773f6614ba5dd66c9dcc7b72) Importer(815301076,1909f56bfc062723c751e8b465ee728b)  -> (artifact id: 'd4378cd96e3696046c4d60dc956298f7') in 0.043321 seconds 
  Import took 0.053275 seconds .

========================================================================
Received Prepare
Registering precompiled user dll's ...
Registered in 0.004744 seconds.
Begin MonoManager ReloadAssembly
Native extension for WindowsStandalone target not found
Native extension for OSXStandalone target not found
Native extension for WebGL target not found
Refreshing native plugins compatible for Editor in 0.74 ms, found 3 plugins.
Preloading 0 native plugins for Editor in 0.00 ms.
Mono: successfully reloaded assembly
- Completed reload, in  1.716 seconds
Domain Reload Profiling:
	ReloadAssembly (1717ms)
		BeginReloadAssembly (172ms)
			ExecutionOrderSort (0ms)
			DisableScriptedObjects (9ms)
			BackupInstance (0ms)
			ReleaseScriptingObjects (0ms)
			CreateAndSetChildDomain (94ms)
		EndReloadAssembly (1468ms)
			LoadAssemblies (100ms)
			RebuildTransferFunctionScriptingTraits (0ms)
			SetupTypeCache (488ms)
			ReleaseScriptCaches (2ms)
			RebuildScriptCaches (70ms)
			SetupLoadedEditorAssemblies (460ms)
				LogAssemblyErrors (0ms)
				InitializePlatformSupportModulesInManaged (6ms)
				SetLoadedEditorAssemblies (1ms)
				RefreshPlugins (1ms)
				BeforeProcessingInitializeOnLoad (151ms)
				ProcessInitializeOnLoadAttributes (279ms)
				ProcessInitializeOnLoadMethodAttributes (19ms)
				AfterProcessingInitializeOnLoad (4ms)
				EditorAssembliesLoaded (0ms)
			ExecutionOrderSort2 (0ms)
			AwakeInstancesAfterBackupRestoration (41ms)
Platform modules already initialized, skipping
Refreshing native plugins compatible for Editor in 1.09 ms, found 3 plugins.
Preloading 0 native plugins for Editor in 0.00 ms.
Unloading 3429 Unused Serialized files (Serialized files now loaded: 0)
System memory in use before: 304.8 MB.
System memory in use after: 305.0 MB.

Unloading 19 unused Assets to reduce memory usage. Loaded Objects now: 4120.
Total: 5.677500 ms (FindLiveObjects: 0.282889 ms CreateObjectMapping: 0.155249 ms MarkObjects: 5.202381 ms  DeleteObjects: 0.035413 ms)

AssetImportParameters requested are different than current active one (requested -> active):
  custom:video-decoder-ogg-theora: a1e56fd34408186e4bbccfd4996cb3dc -> 
  custom:container-muxer-webm: aa71ff27fc2769a1b78a27578f13a17b -> 
  custom:container-demuxer-webm: 4f35f7cbe854078d1ac9338744f61a02 -> 
  custom:container-demuxer-ogg: 62fdf1f143b41e24485cea50d1cbac27 -> 
  custom:video-encoder-webm-vp8: eb34c28f22e8b96e1ab97ce403110664 -> 
  custom:framework-osx-AVFoundation: e770b220cccbd017edd2c1fefb359320 -> 
  custom:video-decoder-webm-vp8: 9c59270c3fd7afecdb556c50c9e8de78 -> 
  custom:audio-decoder-ogg-vorbis: bf7c407c2cedff20999df2af8eb42d56 -> 
  custom:audio-encoder-webm-vorbis: bf7c407c2cedff20999df2af8eb42d56 -> 
========================================================================
Received Import Request.
  Time since last request: 190.573077 seconds.
  path: Assets/Images
  artifactKey: Guid(c9d1aa7e40971264f8fa9844b7d83dfb) Importer(815301076,1909f56bfc062723c751e8b465ee728b)
Start importing Assets/Images using Guid(c9d1aa7e40971264f8fa9844b7d83dfb) Importer(815301076,1909f56bfc062723c751e8b465ee728b)  -> (artifact id: '89487ae5891fd3fa8fe1ca08442d9872') in 0.013338 seconds 
  Import took 0.025789 seconds .

========================================================================
Received Import Request.
  Time since last request: 5.467860 seconds.
  path: Assets/Actions/Player/Materials/PlayerPhysicMaterial.physicsMaterial2D
  artifactKey: Guid(afc5403e4993364438983787f1d94c44) Importer(815301076,1909f56bfc062723c751e8b465ee728b)
Start importing Assets/Actions/Player/Materials/PlayerPhysicMaterial.physicsMaterial2D using Guid(afc5403e4993364438983787f1d94c44) Importer(815301076,1909f56bfc062723c751e8b465ee728b)  -> (artifact id: '4449a0d0ca663b93038cf1c3c23f5ed4') in 0.274490 seconds 
  Import took 0.287177 seconds .

========================================================================
Received Import Request.
  Time since last request: 6.863012 seconds.
  path: Assets/Actions/Player/Textures
  artifactKey: Guid(c69dd1c9fe75c97439c7c83abd621c56) Importer(815301076,1909f56bfc062723c751e8b465ee728b)
Start importing Assets/Actions/Player/Textures using Guid(c69dd1c9fe75c97439c7c83abd621c56) Importer(815301076,1909f56bfc062723c751e8b465ee728b)  -> (artifact id: 'defadefa93699a5856ea815a64f1551b') in 0.004103 seconds 
  Import took 0.016237 seconds .

========================================================================
Received Import Request.
  Time since last request: 0.048542 seconds.
  path: Assets/Actions/Player/Textures/player_down1.png
  artifactKey: Guid(4ac23be4583d54738a86a88537a39fa4) Importer(815301076,1909f56bfc062723c751e8b465ee728b)
Start importing Assets/Actions/Player/Textures/player_down1.png using Guid(4ac23be4583d54738a86a88537a39fa4) Importer(815301076,1909f56bfc062723c751e8b465ee728b)  -> (artifact id: '2b4617a5a0d2a35ed41bfca94723d878') in 0.065919 seconds 
  Import took 0.074111 seconds .

========================================================================
Received Import Request.
  Time since last request: 0.000511 seconds.
  path: Assets/Actions/Player/Textures/player_up2.png
  artifactKey: Guid(b2a38f562d17c49c88e8be139180cee4) Importer(815301076,1909f56bfc062723c751e8b465ee728b)
Start importing Assets/Actions/Player/Textures/player_up2.png using Guid(b2a38f562d17c49c88e8be139180cee4) Importer(815301076,1909f56bfc062723c751e8b465ee728b)  -> (artifact id: '773d9207a08afbcc377a5f2004b2ceab') in 0.023012 seconds 
  Import took 0.030164 seconds .

========================================================================
Received Import Request.
  Time since last request: 0.000232 seconds.
  path: Assets/Actions/Player/Textures/player_run2.png
  artifactKey: Guid(9c7989df77e2641e89d0b53379e49e38) Importer(815301076,1909f56bfc062723c751e8b465ee728b)
Start importing Assets/Actions/Player/Textures/player_run2.png using Guid(9c7989df77e2641e89d0b53379e49e38) Importer(815301076,1909f56bfc062723c751e8b465ee728b)  -> (artifact id: '7860cd28ae5f52b113171adebe89f5fd') in 0.015421 seconds 
  Import took 0.023923 seconds .

========================================================================
Received Import Request.
  Time since last request: 0.000286 seconds.
  path: Assets/Actions/Player/Textures/player_down3.png
  artifactKey: Guid(cb1eb15ed0a644ea6b246addaf8cbcf1) Importer(815301076,1909f56bfc062723c751e8b465ee728b)
Start importing Assets/Actions/Player/Textures/player_down3.png using Guid(cb1eb15ed0a644ea6b246addaf8cbcf1) Importer(815301076,1909f56bfc062723c751e8b465ee728b)  -> (artifact id: '743414bf2626e5935560f33d6e02ab77') in 0.020613 seconds 
  Import took 0.028814 seconds .

========================================================================
Received Import Request.
  Time since last request: 0.000296 seconds.
  path: Assets/Actions/Player/Textures/player_run1.png
  artifactKey: Guid(13c8b7cc0091344a7baba5271ff1ddca) Importer(815301076,1909f56bfc062723c751e8b465ee728b)
Start importing Assets/Actions/Player/Textures/player_run1.png using Guid(13c8b7cc0091344a7baba5271ff1ddca) Importer(815301076,1909f56bfc062723c751e8b465ee728b)  -> (artifact id: '27d9b3d130d49ecdfc981166729ce79c') in 0.022614 seconds 
  Import took 0.031124 seconds .

========================================================================
Received Import Request.
  Time since last request: 0.000285 seconds.
  path: Assets/Actions/Player/Textures/player_stand.png
  artifactKey: Guid(e5f19fc995f034a20bb8dde7edf01060) Importer(815301076,1909f56bfc062723c751e8b465ee728b)
Start importing Assets/Actions/Player/Textures/player_stand.png using Guid(e5f19fc995f034a20bb8dde7edf01060) Importer(815301076,1909f56bfc062723c751e8b465ee728b)  -> (artifact id: '7cbe02305afe20d924e96a1788f8e6a7') in 0.016592 seconds 
  Import took 0.025804 seconds .

========================================================================
Received Import Request.
  Time since last request: 0.000273 seconds.
  path: Assets/Actions/Player/Textures/player_run3.png
  artifactKey: Guid(f5d719dc40f13424993201d3c1cb2558) Importer(815301076,1909f56bfc062723c751e8b465ee728b)
Start importing Assets/Actions/Player/Textures/player_run3.png using Guid(f5d719dc40f13424993201d3c1cb2558) Importer(815301076,1909f56bfc062723c751e8b465ee728b)  -> (artifact id: 'b7b512c324d88e8e527a0b14e277d158') in 0.018013 seconds 
  Import took 0.026826 seconds .

========================================================================
Received Import Request.
  Time since last request: 0.000331 seconds.
  path: Assets/Actions/Player/Textures/player_up1.png
  artifactKey: Guid(8d20d2f46703a4bf59a3bc4035f80df2) Importer(815301076,1909f56bfc062723c751e8b465ee728b)
Start importing Assets/Actions/Player/Textures/player_up1.png using Guid(8d20d2f46703a4bf59a3bc4035f80df2) Importer(815301076,1909f56bfc062723c751e8b465ee728b)  -> (artifact id: '2522e1d8a14649bda17438a93fba6f94') in 0.016183 seconds 
  Import took 0.025260 seconds .

========================================================================
Received Import Request.
  Time since last request: 0.000471 seconds.
  path: Assets/Actions/Player/Textures/player_down2.png
  artifactKey: Guid(bca864885ef0a424085061a15954cca0) Importer(815301076,1909f56bfc062723c751e8b465ee728b)
Start importing Assets/Actions/Player/Textures/player_down2.png using Guid(bca864885ef0a424085061a15954cca0) Importer(815301076,1909f56bfc062723c751e8b465ee728b)  -> (artifact id: '150bf9b1dc9b27171b40b960a9551214') in 0.023444 seconds 
  Import took 0.034594 seconds .

========================================================================
Received Import Request.
  Time since last request: 2.801895 seconds.
  path: Assets/Actions/Player/Textures/player_test
  artifactKey: Guid(34c6bb51e33f3144398d5cbd0b77b980) Importer(815301076,1909f56bfc062723c751e8b465ee728b)
Start importing Assets/Actions/Player/Textures/player_test using Guid(34c6bb51e33f3144398d5cbd0b77b980) Importer(815301076,1909f56bfc062723c751e8b465ee728b)  -> (artifact id: '84645285127f4222d87d9f935d1b4f9c') in 0.002140 seconds 
  Import took 0.014808 seconds .

========================================================================
Received Import Request.
  Time since last request: 0.054257 seconds.
  path: Assets/Actions/Player/Textures/player_test/jump2.png
  artifactKey: Guid(1a3d455dead3b8a408272c0ab0689c9a) Importer(815301076,1909f56bfc062723c751e8b465ee728b)
Start importing Assets/Actions/Player/Textures/player_test/jump2.png using Guid(1a3d455dead3b8a408272c0ab0689c9a) Importer(815301076,1909f56bfc062723c751e8b465ee728b)  -> (artifact id: 'a1d31ed78e8b2a5c297208599e9992ae') in 0.021069 seconds 
  Import took 0.032671 seconds .

========================================================================
Received Import Request.
  Time since last request: 0.000457 seconds.
  path: Assets/Actions/Player/Textures/player_test/run3.png
  artifactKey: Guid(91f10b864032ec64483b49345d77ffd5) Importer(815301076,1909f56bfc062723c751e8b465ee728b)
Start importing Assets/Actions/Player/Textures/player_test/run3.png using Guid(91f10b864032ec64483b49345d77ffd5) Importer(815301076,1909f56bfc062723c751e8b465ee728b)  -> (artifact id: '2e9523812b71bf0c3bb8386845ab2770') in 0.018519 seconds 
  Import took 0.027390 seconds .

========================================================================
Received Import Request.
  Time since last request: 0.000334 seconds.
  path: Assets/Actions/Player/Textures/player_test/立ち絵テスト20220322.png
  artifactKey: Guid(b468321367372d44893adc6ad8c725ea) Importer(815301076,1909f56bfc062723c751e8b465ee728b)
Start importing Assets/Actions/Player/Textures/player_test/立ち絵テスト20220322.png using Guid(b468321367372d44893adc6ad8c725ea) Importer(815301076,1909f56bfc062723c751e8b465ee728b)  -> (artifact id: '56d6b509970e8e7a87f9874e97073a70') in 0.021539 seconds 
  Import took 0.032380 seconds .

========================================================================
Received Import Request.
  Time since last request: 0.000434 seconds.
  path: Assets/Actions/Player/Textures/player_test/test_chara.png
  artifactKey: Guid(9345ef845b5bb41538b975864aa56b6e) Importer(815301076,1909f56bfc062723c751e8b465ee728b)
Start importing Assets/Actions/Player/Textures/player_test/test_chara.png using Guid(9345ef845b5bb41538b975864aa56b6e) Importer(815301076,1909f56bfc062723c751e8b465ee728b)  -> (artifact id: '6cdef91dca82da6452fe34532bba7d4e') in 0.027764 seconds 
  Import took 0.036663 seconds .

========================================================================
Received Import Request.
  Time since last request: 0.000333 seconds.
  path: Assets/Actions/Player/Textures/player_test/run2.png
  artifactKey: Guid(2fe6d58b899c1e446bfac3244ede82cf) Importer(815301076,1909f56bfc062723c751e8b465ee728b)
Start importing Assets/Actions/Player/Textures/player_test/run2.png using Guid(2fe6d58b899c1e446bfac3244ede82cf) Importer(815301076,1909f56bfc062723c751e8b465ee728b)  -> (artifact id: '5c7a54348a6496269ad51c36e96df98f') in 0.014971 seconds 
  Import took 0.025607 seconds .

========================================================================
Received Prepare
Registering precompiled user dll's ...
Registered in 0.016560 seconds.
Begin MonoManager ReloadAssembly
Native extension for WindowsStandalone target not found
Native extension for OSXStandalone target not found
Native extension for WebGL target not found
Refreshing native plugins compatible for Editor in 0.69 ms, found 3 plugins.
Preloading 0 native plugins for Editor in 0.00 ms.
Mono: successfully reloaded assembly
- Completed reload, in  1.689 seconds
Domain Reload Profiling:
	ReloadAssembly (1690ms)
		BeginReloadAssembly (169ms)
			ExecutionOrderSort (0ms)
			DisableScriptedObjects (11ms)
			BackupInstance (0ms)
			ReleaseScriptingObjects (0ms)
			CreateAndSetChildDomain (94ms)
		EndReloadAssembly (1445ms)
			LoadAssemblies (92ms)
			RebuildTransferFunctionScriptingTraits (0ms)
			SetupTypeCache (529ms)
			ReleaseScriptCaches (2ms)
			RebuildScriptCaches (69ms)
			SetupLoadedEditorAssemblies (487ms)
				LogAssemblyErrors (0ms)
				InitializePlatformSupportModulesInManaged (7ms)
				SetLoadedEditorAssemblies (1ms)
				RefreshPlugins (1ms)
				BeforeProcessingInitializeOnLoad (178ms)
				ProcessInitializeOnLoadAttributes (287ms)
				ProcessInitializeOnLoadMethodAttributes (12ms)
				AfterProcessingInitializeOnLoad (2ms)
				EditorAssembliesLoaded (0ms)
			ExecutionOrderSort2 (0ms)
			AwakeInstancesAfterBackupRestoration (26ms)
Platform modules already initialized, skipping
Refreshing native plugins compatible for Editor in 0.72 ms, found 3 plugins.
Preloading 0 native plugins for Editor in 0.00 ms.
Unloading 3429 Unused Serialized files (Serialized files now loaded: 0)
System memory in use before: 309.3 MB.
System memory in use after: 309.5 MB.

Unloading 19 unused Assets to reduce memory usage. Loaded Objects now: 4128.
Total: 5.183197 ms (FindLiveObjects: 0.398255 ms CreateObjectMapping: 0.188800 ms MarkObjects: 4.563244 ms  DeleteObjects: 0.031541 ms)

AssetImportParameters requested are different than current active one (requested -> active):
  custom:video-decoder-ogg-theora: a1e56fd34408186e4bbccfd4996cb3dc -> 
  custom:container-muxer-webm: aa71ff27fc2769a1b78a27578f13a17b -> 
  custom:container-demuxer-webm: 4f35f7cbe854078d1ac9338744f61a02 -> 
  custom:container-demuxer-ogg: 62fdf1f143b41e24485cea50d1cbac27 -> 
  custom:video-encoder-webm-vp8: eb34c28f22e8b96e1ab97ce403110664 -> 
  custom:framework-osx-AVFoundation: e770b220cccbd017edd2c1fefb359320 -> 
  custom:video-decoder-webm-vp8: 9c59270c3fd7afecdb556c50c9e8de78 -> 
  custom:audio-decoder-ogg-vorbis: bf7c407c2cedff20999df2af8eb42d56 -> 
  custom:audio-encoder-webm-vorbis: bf7c407c2cedff20999df2af8eb42d56 -> 
========================================================================
Received Prepare
Registering precompiled user dll's ...
Registered in 0.014482 seconds.
Begin MonoManager ReloadAssembly
Native extension for WindowsStandalone target not found
Native extension for OSXStandalone target not found
Native extension for WebGL target not found
Refreshing native plugins compatible for Editor in 0.67 ms, found 3 plugins.
Preloading 0 native plugins for Editor in 0.00 ms.
Mono: successfully reloaded assembly
- Completed reload, in  1.908 seconds
Domain Reload Profiling:
	ReloadAssembly (1908ms)
		BeginReloadAssembly (231ms)
			ExecutionOrderSort (0ms)
			DisableScriptedObjects (8ms)
			BackupInstance (0ms)
			ReleaseScriptingObjects (0ms)
			CreateAndSetChildDomain (96ms)
		EndReloadAssembly (1603ms)
			LoadAssemblies (213ms)
			RebuildTransferFunctionScriptingTraits (0ms)
			SetupTypeCache (475ms)
			ReleaseScriptCaches (1ms)
			RebuildScriptCaches (71ms)
			SetupLoadedEditorAssemblies (527ms)
				LogAssemblyErrors (0ms)
				InitializePlatformSupportModulesInManaged (7ms)
				SetLoadedEditorAssemblies (1ms)
				RefreshPlugins (1ms)
				BeforeProcessingInitializeOnLoad (163ms)
				ProcessInitializeOnLoadAttributes (336ms)
				ProcessInitializeOnLoadMethodAttributes (17ms)
				AfterProcessingInitializeOnLoad (1ms)
				EditorAssembliesLoaded (0ms)
			ExecutionOrderSort2 (0ms)
			AwakeInstancesAfterBackupRestoration (27ms)
Platform modules already initialized, skipping
Refreshing native plugins compatible for Editor in 0.83 ms, found 3 plugins.
Preloading 0 native plugins for Editor in 0.00 ms.
Unloading 3429 Unused Serialized files (Serialized files now loaded: 0)
System memory in use before: 309.5 MB.
System memory in use after: 309.7 MB.

Unloading 19 unused Assets to reduce memory usage. Loaded Objects now: 4130.
Total: 6.064247 ms (FindLiveObjects: 0.335132 ms CreateObjectMapping: 0.259144 ms MarkObjects: 5.433034 ms  DeleteObjects: 0.035599 ms)

AssetImportParameters requested are different than current active one (requested -> active):
  custom:video-decoder-ogg-theora: a1e56fd34408186e4bbccfd4996cb3dc -> 
  custom:container-muxer-webm: aa71ff27fc2769a1b78a27578f13a17b -> 
  custom:container-demuxer-webm: 4f35f7cbe854078d1ac9338744f61a02 -> 
  custom:container-demuxer-ogg: 62fdf1f143b41e24485cea50d1cbac27 -> 
  custom:video-encoder-webm-vp8: eb34c28f22e8b96e1ab97ce403110664 -> 
  custom:framework-osx-AVFoundation: e770b220cccbd017edd2c1fefb359320 -> 
  custom:video-decoder-webm-vp8: 9c59270c3fd7afecdb556c50c9e8de78 -> 
  custom:audio-decoder-ogg-vorbis: bf7c407c2cedff20999df2af8eb42d56 -> 
  custom:audio-encoder-webm-vorbis: bf7c407c2cedff20999df2af8eb42d56 -> 
